{"level":"info","message":"EduServe API server running on port 5000 in development mode","service":"eduserve-api","timestamp":"2026-07-03 13:01:33"}
{"level":"info","message":"API Documentation: http://localhost:5000/api-docs","service":"eduserve-api","timestamp":"2026-07-03 13:01:33"}
{"level":"info","message":"Health Check: http://localhost:5000/api/health","service":"eduserve-api","timestamp":"2026-07-03 13:01:33"}
{"level":"info","message":"MongoDB connected: localhost","service":"eduserve-api","timestamp":"2026-07-03 13:01:33"}
{"errors":null,"isOperational":true,"level":"error","message":"Invalid email or password","service":"eduserve-api","stack":"Error: Invalid email or password\n    at C:\\Users\\SHUBH\\java\\work\\education-platform\\backend\\src\\controllers\\auth.controller.js:51:11\n    at process.processTicksAndRejections (node:internal/process/task_queues:105:5)","statusCode":401,"timestamp":"2026-07-03 14:50:11"}
{"level":"info","message":"EduServe API server running on port 5000 in development mode","service":"eduserve-api","timestamp":"2026-07-03 15:27:30"}
{"level":"info","message":"API Documentation: http://localhost:5000/api-docs","service":"eduserve-api","timestamp":"2026-07-03 15:27:30"}
{"level":"info","message":"Health Check: http://localhost:5000/api/health","service":"eduserve-api","timestamp":"2026-07-03 15:27:30"}
{"level":"info","message":"MongoDB connected: localhost","service":"eduserve-api","timestamp":"2026-07-03 15:27:30"}
{"level":"info","message":"EduServe API server running on port 5000 in development mode","service":"eduserve-api","timestamp":"2026-07-03 15:29:57"}
{"level":"info","message":"API Documentation: http://localhost:5000/api-docs","service":"eduserve-api","timestamp":"2026-07-03 15:29:57"}
{"level":"info","message":"Health Check: http://localhost:5000/api/health","service":"eduserve-api","timestamp":"2026-07-03 15:29:57"}
{"level":"info","message":"MongoDB connected: localhost","service":"eduserve-api","timestamp":"2026-07-03 15:29:57"}
{"level":"info","message":"EduServe API server running on port 5000 in development mode","service":"eduserve-api","timestamp":"2026-07-03 15:29:59"}
{"level":"info","message":"API Documentation: http://localhost:5000/api-docs","service":"eduserve-api","timestamp":"2026-07-03 15:29:59"}
{"level":"info","message":"Health Check: http://localhost:5000/api/health","service":"eduserve-api","timestamp":"2026-07-03 15:29:59"}
{"level":"info","message":"MongoDB connected: localhost","service":"eduserve-api","timestamp":"2026-07-03 15:29:59"}
{"level":"info","message":"EduServe API server running on port 5000 in development mode","service":"eduserve-api","timestamp":"2026-07-03 15:30:34"}
{"level":"info","message":"API Documentation: http://localhost:5000/api-docs","service":"eduserve-api","timestamp":"2026-07-03 15:30:34"}
{"level":"info","message":"Health Check: http://localhost:5000/api/health","service":"eduserve-api","timestamp":"2026-07-03 15:30:34"}
{"level":"info","message":"MongoDB connected: localhost","service":"eduserve-api","timestamp":"2026-07-03 15:30:34"}
{"level":"info","message":"EduServe API server running on port 5000 in development mode","service":"eduserve-api","timestamp":"2026-07-03 15:31:23"}
{"level":"info","message":"API Documentation: http://localhost:5000/api-docs","service":"eduserve-api","timestamp":"2026-07-03 15:31:23"}
{"level":"info","message":"Health Check: http://localhost:5000/api/health","service":"eduserve-api","timestamp":"2026-07-03 15:31:23"}
{"level":"info","message":"MongoDB connected: localhost","service":"eduserve-api","timestamp":"2026-07-03 15:31:23"}
